Base path: '/Applications/Unity/Hub/Editor/2019.3.1f1/Unity.app/Contents', plugins path '/Applications/Unity/Hub/Editor/2019.3.1f1/Unity.app/Contents/PlaybackEngines'
Cmd: initializeCompiler
Cmd: preprocess
  insize=811 outsize=209 ok=1
Cmd: preprocess
  insize=811 outsize=209 ok=1
Cmd: preprocess
  insize=811 outsize=209 ok=1
Cmd: preprocess
  insize=811 outsize=209 ok=1
Cmd: preprocess
  insize=811 outsize=209 ok=1
Cmd: preprocess
  insize=811 outsize=209 ok=1
Cmd: preprocess
  insize=811 outsize=209 ok=1
Cmd: preprocess
  insize=811 outsize=209 ok=1
Cmd: preprocess
  insize=811 outsize=209 ok=1
Cmd: preprocess
  insize=811 outsize=209 ok=1
Cmd: preprocess
  insize=811 outsize=209 ok=1
Cmd: preprocess
  insize=811 outsize=209 ok=1
Cmd: preprocess
  insize=811 outsize=209 ok=1
Cmd: preprocess
  insize=811 outsize=209 ok=1
Cmd: preprocess
  insize=811 outsize=209 ok=1
Cmd: preprocess
  insize=811 outsize=209 ok=1
Cmd: preprocess
  insize=811 outsize=209 ok=1
Cmd: preprocess
  insize=811 outsize=209 ok=1
Cmd: preprocess
  insize=811 outsize=209 ok=1
Cmd: preprocess
  insize=811 outsize=209 ok=1
Cmd: preprocess
  insize=811 outsize=209 ok=1
Cmd: preprocess
  insize=811 outsize=209 ok=1
Cmd: preprocess
  insize=811 outsize=209 ok=1
Cmd: preprocess
  insize=811 outsize=209 ok=1
Cmd: preprocess
  insize=811 outsize=209 ok=1
Cmd: preprocess
  insize=811 outsize=209 ok=1
Cmd: preprocess
  insize=811 outsize=209 ok=1
Cmd: preprocess
  insize=811 outsize=209 ok=1
Cmd: preprocess
  insize=811 outsize=209 ok=1
Cmd: preprocess
  insize=811 outsize=209 ok=1
Cmd: preprocess
  insize=811 outsize=209 ok=1
Cmd: preprocess
  insize=811 outsize=209 ok=1
Cmd: preprocess
  insize=811 outsize=209 ok=1
Cmd: preprocess
  insize=811 outsize=209 ok=1
Cmd: preprocess
  insize=811 outsize=209 ok=1
Cmd: preprocess
  insize=811 outsize=209 ok=1
Cmd: preprocess
  insize=4913 outsize=783 ok=1
Cmd: preprocess
  insize=7266 outsize=785 ok=1
Cmd: preprocess
  insize=8822 outsize=785 ok=1
Cmd: preprocess
  insize=4281 outsize=778 ok=1
Cmd: preprocess
  insize=4624 outsize=779 ok=1
Cmd: preprocess
  insize=6866 outsize=785 ok=1
Cmd: preprocess
  insize=4384 outsize=781 ok=1
Cmd: preprocess
  insize=12951 outsize=782 ok=1
Cmd: preprocess
  insize=3843 outsize=784 ok=1
Cmd: preprocess
  insize=4127 outsize=784 ok=1
Cmd: preprocess
  insize=60800 outsize=2145 ok=1
Cmd: preprocess
  insize=12260 outsize=783 ok=1
Cmd: preprocess
  insize=5510 outsize=790 ok=1
Cmd: preprocess
  insize=3738 outsize=783 ok=1
Cmd: preprocess
  insize=3698 outsize=779 ok=1
Cmd: preprocess
  insize=6296 outsize=788 ok=1
Cmd: preprocess
  insize=6586 outsize=782 ok=1
Cmd: preprocess
  insize=8044 outsize=785 ok=1
Cmd: preprocess
  insize=3654 outsize=777 ok=1
Cmd: preprocess
  insize=6205 outsize=812 ok=1
Cmd: preprocess
  insize=6205 outsize=811 ok=1
Cmd: preprocess
  insize=13176 outsize=783 ok=1
Cmd: preprocess
  insize=3803 outsize=782 ok=1
Cmd: preprocess
  insize=6205 outsize=813 ok=1
Cmd: preprocess
  insize=811 outsize=209 ok=1
Cmd: preprocess
  insize=811 outsize=209 ok=1
Cmd: preprocess
  insize=811 outsize=209 ok=1
Cmd: preprocess
  insize=811 outsize=209 ok=1
Cmd: preprocess
  insize=811 outsize=209 ok=1
Cmd: preprocess
  insize=811 outsize=209 ok=1
Cmd: preprocess
  insize=811 outsize=209 ok=1
Cmd: preprocess
  insize=811 outsize=209 ok=1
Cmd: preprocess
  insize=811 outsize=209 ok=1
Cmd: preprocess
  insize=811 outsize=209 ok=1
Cmd: preprocess
  insize=811 outsize=209 ok=1
Cmd: preprocess
  insize=811 outsize=209 ok=1
Cmd: preprocess
  insize=811 outsize=209 ok=1
Cmd: preprocess
  insize=811 outsize=209 ok=1
Cmd: preprocess
  insize=811 outsize=209 ok=1
Cmd: preprocess
  insize=811 outsize=209 ok=1
Cmd: preprocess
  insize=811 outsize=209 ok=1
Cmd: preprocess
  insize=811 outsize=209 ok=1
Cmd: preprocess
  insize=811 outsize=209 ok=1
Cmd: preprocess
  insize=811 outsize=209 ok=1
Cmd: preprocess
  insize=811 outsize=209 ok=1
Cmd: preprocess
  insize=811 outsize=209 ok=1
Cmd: preprocess
  insize=811 outsize=209 ok=1
Cmd: preprocess
  insize=811 outsize=209 ok=1
Cmd: preprocess
  insize=811 outsize=209 ok=1
Cmd: preprocess
  insize=811 outsize=209 ok=1
Cmd: preprocess
  insize=811 outsize=209 ok=1
Cmd: preprocess
  insize=811 outsize=209 ok=1
Cmd: preprocess
  insize=811 outsize=209 ok=1
Cmd: preprocess
  insize=811 outsize=209 ok=1
Cmd: preprocess
  insize=811 outsize=209 ok=1
Cmd: preprocess
  insize=811 outsize=209 ok=1
Cmd: preprocess
  insize=811 outsize=209 ok=1
Cmd: preprocess
  insize=811 outsize=209 ok=1
Cmd: preprocess
  insize=811 outsize=209 ok=1
Cmd: preprocess
  insize=811 outsize=209 ok=1
Cmd: preprocess
  insize=4913 outsize=783 ok=1
Cmd: preprocess
  insize=7266 outsize=785 ok=1
Cmd: preprocess
  insize=8822 outsize=785 ok=1
Cmd: preprocess
  insize=4281 outsize=778 ok=1
Cmd: preprocess
  insize=4624 outsize=779 ok=1
Cmd: preprocess
  insize=6866 outsize=785 ok=1
Cmd: preprocess
  insize=4384 outsize=781 ok=1
Cmd: preprocess
  insize=12951 outsize=782 ok=1
Cmd: preprocess
  insize=3843 outsize=784 ok=1
Cmd: preprocess
  insize=4127 outsize=784 ok=1
Cmd: preprocess
  insize=60800 outsize=2145 ok=1
Cmd: preprocess
  insize=12260 outsize=783 ok=1
Cmd: preprocess
  insize=5510 outsize=790 ok=1
Cmd: preprocess
  insize=3738 outsize=783 ok=1
Cmd: preprocess
  insize=3698 outsize=779 ok=1
Cmd: preprocess
  insize=6296 outsize=788 ok=1
Cmd: preprocess
  insize=6586 outsize=782 ok=1
Cmd: preprocess
  insize=8044 outsize=785 ok=1
Cmd: preprocess
  insize=3654 outsize=777 ok=1
Cmd: preprocess
  insize=6205 outsize=812 ok=1
Cmd: preprocess
  insize=6205 outsize=811 ok=1
Cmd: preprocess
  insize=13176 outsize=783 ok=1
Cmd: preprocess
  insize=3803 outsize=782 ok=1
Cmd: preprocess
  insize=6205 outsize=813 ok=1
Cmd: preprocess
  insize=6205 outsize=812 ok=1
Cmd: preprocess
  insize=6205 outsize=811 ok=1
Cmd: preprocess
  insize=6205 outsize=813 ok=1
Cmd: preprocess
  insize=4913 outsize=783 ok=1
Cmd: preprocess
  insize=7266 outsize=785 ok=1
Cmd: preprocess
  insize=8044 outsize=785 ok=1
Cmd: preprocess
  insize=8822 outsize=785 ok=1
Cmd: preprocess
  insize=12260 outsize=783 ok=1
Cmd: preprocess
  insize=13176 outsize=783 ok=1
Cmd: preprocess
  insize=60800 outsize=2145 ok=1
Cmd: preprocess
  insize=12951 outsize=782 ok=1
Cmd: preprocess
  insize=3803 outsize=782 ok=1
Cmd: preprocess
  insize=4281 outsize=778 ok=1
Cmd: preprocess
  insize=5510 outsize=790 ok=1
Cmd: preprocess
  insize=6296 outsize=788 ok=1
Cmd: preprocess
  insize=6586 outsize=782 ok=1
Cmd: preprocess
  insize=6866 outsize=785 ok=1
Cmd: preprocess
  insize=3698 outsize=779 ok=1
Cmd: preprocess
  insize=3738 outsize=783 ok=1
Cmd: compileSnippet
  api=14 type=0 insize=16577 outsize=10198 kw=_SUNDISK_SIMPLE pd=UNITY_ENABLE_REFLECTION_BUFFERS UNITY_USE_DITHER_MASK_FOR_ALPHABLENDED_SHADOWS UNITY_PBS_USE_BRDF1 UNITY_SPECCUBE_BOX_PROJECTION UNITY_SPECCUBE_BLENDING UNITY_ENABLE_DETAIL_NORMALMAP SHADER_API_DESKTOP UNITY_LIGHT_PROBE_PROXY_VOLUME UNITY_LIGHTMAP_FULL_HDR ok=1
Cmd: compileSnippet
  api=14 type=1 insize=16577 outsize=1842 kw=_SUNDISK_SIMPLE pd=UNITY_ENABLE_REFLECTION_BUFFERS UNITY_USE_DITHER_MASK_FOR_ALPHABLENDED_SHADOWS UNITY_PBS_USE_BRDF1 UNITY_SPECCUBE_BOX_PROJECTION UNITY_SPECCUBE_BLENDING UNITY_ENABLE_DETAIL_NORMALMAP SHADER_API_DESKTOP UNITY_LIGHT_PROBE_PROXY_VOLUME UNITY_LIGHTMAP_FULL_HDR ok=1
Cmd: preprocess
  insize=811 outsize=209 ok=1
Cmd: preprocess
  insize=811 outsize=209 ok=1
Cmd: preprocess
  insize=811 outsize=209 ok=1
Cmd: preprocess
  insize=811 outsize=209 ok=1
Cmd: preprocess
  insize=811 outsize=209 ok=1
Cmd: preprocess
  insize=811 outsize=209 ok=1
Cmd: preprocess
  insize=811 outsize=209 ok=1
Cmd: preprocess
  insize=811 outsize=209 ok=1
Cmd: preprocess
  insize=811 outsize=209 ok=1
Cmd: preprocess
  insize=811 outsize=209 ok=1
Cmd: preprocess
  insize=811 outsize=209 ok=1
Cmd: preprocess
  insize=811 outsize=209 ok=1
Cmd: preprocess
  insize=811 outsize=209 ok=1
Cmd: preprocess
  insize=811 outsize=209 ok=1
Cmd: preprocess
  insize=811 outsize=209 ok=1
Cmd: preprocess
  insize=811 outsize=209 ok=1
Cmd: preprocess
  insize=811 outsize=209 ok=1
Cmd: preprocess
  insize=811 outsize=209 ok=1
Cmd: preprocess
  insize=811 outsize=209 ok=1
Cmd: preprocess
  insize=811 outsize=209 ok=1
Cmd: preprocess
  insize=811 outsize=209 ok=1
Cmd: preprocess
  insize=811 outsize=209 ok=1
Cmd: preprocess
  insize=811 outsize=209 ok=1
Cmd: preprocess
  insize=811 outsize=209 ok=1
Cmd: preprocess
  insize=811 outsize=209 ok=1
Cmd: preprocess
  insize=811 outsize=209 ok=1
Cmd: preprocess
  insize=811 outsize=209 ok=1
Cmd: preprocess
  insize=811 outsize=209 ok=1
Cmd: preprocess
  insize=811 outsize=209 ok=1
Cmd: preprocess
  insize=811 outsize=209 ok=1
Cmd: preprocess
  insize=811 outsize=209 ok=1
Cmd: preprocess
  insize=811 outsize=209 ok=1
Cmd: preprocess
  insize=811 outsize=209 ok=1
Cmd: preprocess
  insize=811 outsize=209 ok=1
Cmd: preprocess
  insize=811 outsize=209 ok=1
Cmd: preprocess
  insize=811 outsize=209 ok=1
Cmd: preprocess
  insize=4913 outsize=783 ok=1
Cmd: preprocess
  insize=7266 outsize=785 ok=1
Cmd: preprocess
  insize=8822 outsize=785 ok=1
Cmd: preprocess
  insize=4281 outsize=778 ok=1
Cmd: preprocess
  insize=4624 outsize=779 ok=1
Cmd: preprocess
  insize=6866 outsize=785 ok=1
Cmd: preprocess
  insize=4384 outsize=781 ok=1
Cmd: preprocess
  insize=12951 outsize=782 ok=1
Cmd: preprocess
  insize=3843 outsize=784 ok=1
Cmd: preprocess
  insize=4127 outsize=784 ok=1
Cmd: preprocess
  insize=60800 outsize=2145 ok=1
Cmd: preprocess
  insize=12260 outsize=783 ok=1
Cmd: preprocess
  insize=5510 outsize=790 ok=1
Cmd: preprocess
  insize=3738 outsize=783 ok=1
Cmd: preprocess
  insize=3698 outsize=779 ok=1
Cmd: preprocess
  insize=6296 outsize=788 ok=1
Cmd: preprocess
  insize=6586 outsize=782 ok=1
Cmd: preprocess
  insize=8044 outsize=785 ok=1
Cmd: preprocess
  insize=3654 outsize=777 ok=1
Cmd: preprocess
  insize=6205 outsize=812 ok=1
Cmd: preprocess
  insize=6205 outsize=811 ok=1
Cmd: preprocess
  insize=13176 outsize=783 ok=1
Cmd: preprocess
  insize=3803 outsize=782 ok=1
Cmd: preprocess
  insize=6205 outsize=813 ok=1
Cmd: preprocess
  insize=6205 outsize=812 ok=1
Cmd: preprocess
  insize=6205 outsize=811 ok=1
Cmd: preprocess
  insize=6205 outsize=813 ok=1
Cmd: preprocess
  insize=4913 outsize=783 ok=1
Cmd: preprocess
  insize=7266 outsize=785 ok=1
Cmd: preprocess
  insize=8044 outsize=785 ok=1
Cmd: preprocess
  insize=8822 outsize=785 ok=1
Cmd: preprocess
  insize=12260 outsize=783 ok=1
Cmd: preprocess
  insize=13176 outsize=783 ok=1
Cmd: preprocess
  insize=60800 outsize=2145 ok=1
Cmd: preprocess
  insize=12951 outsize=782 ok=1
Cmd: preprocess
  insize=3803 outsize=782 ok=1
Cmd: preprocess
  insize=4281 outsize=778 ok=1
Cmd: preprocess
  insize=5510 outsize=790 ok=1
Cmd: preprocess
  insize=6296 outsize=788 ok=1
Cmd: preprocess
  insize=6586 outsize=782 ok=1
Cmd: preprocess
  insize=6866 outsize=785 ok=1
Cmd: preprocess
  insize=3698 outsize=779 ok=1
Cmd: preprocess
  insize=3738 outsize=783 ok=1
Cmd: preprocess
  insize=811 outsize=209 ok=1
Cmd: preprocess
  insize=811 outsize=209 ok=1
Cmd: preprocess
  insize=811 outsize=209 ok=1
Cmd: preprocess
  insize=811 outsize=209 ok=1
Cmd: preprocess
  insize=811 outsize=209 ok=1
Cmd: preprocess
  insize=811 outsize=209 ok=1
Cmd: preprocess
  insize=811 outsize=209 ok=1
Cmd: preprocess
  insize=811 outsize=209 ok=1
Cmd: preprocess
  insize=811 outsize=209 ok=1
Cmd: preprocess
  insize=811 outsize=209 ok=1
Cmd: preprocess
  insize=811 outsize=209 ok=1
Cmd: preprocess
  insize=811 outsize=209 ok=1
Cmd: preprocess
  insize=811 outsize=209 ok=1
Cmd: preprocess
  insize=811 outsize=209 ok=1
Cmd: preprocess
  insize=811 outsize=209 ok=1
Cmd: preprocess
  insize=811 outsize=209 ok=1
Cmd: preprocess
  insize=811 outsize=209 ok=1
Cmd: preprocess
  insize=811 outsize=209 ok=1
Cmd: preprocess
  insize=811 outsize=209 ok=1
Cmd: preprocess
  insize=811 outsize=209 ok=1
Cmd: preprocess
  insize=811 outsize=209 ok=1
Cmd: preprocess
  insize=811 outsize=209 ok=1
Cmd: preprocess
  insize=811 outsize=209 ok=1
Cmd: preprocess
  insize=811 outsize=209 ok=1
Cmd: preprocess
  insize=811 outsize=209 ok=1
Cmd: preprocess
  insize=811 outsize=209 ok=1
Cmd: preprocess
  insize=811 outsize=209 ok=1
Cmd: preprocess
  insize=811 outsize=209 ok=1
Cmd: preprocess
  insize=811 outsize=209 ok=1
Cmd: preprocess
  insize=811 outsize=209 ok=1
Cmd: preprocess
  insize=811 outsize=209 ok=1
Cmd: preprocess
  insize=811 outsize=209 ok=1
Cmd: preprocess
  insize=811 outsize=209 ok=1
Cmd: preprocess
  insize=811 outsize=209 ok=1
Cmd: preprocess
  insize=811 outsize=209 ok=1
Cmd: preprocess
  insize=811 outsize=209 ok=1
Cmd: preprocess
  insize=4913 outsize=783 ok=1
Cmd: preprocess
  insize=7266 outsize=785 ok=1
Cmd: preprocess
  insize=8822 outsize=785 ok=1
Cmd: preprocess
  insize=4281 outsize=778 ok=1
Cmd: preprocess
  insize=4624 outsize=779 ok=1
Cmd: preprocess
  insize=6866 outsize=785 ok=1
Cmd: preprocess
  insize=4384 outsize=781 ok=1
Cmd: preprocess
  insize=12951 outsize=782 ok=1
Cmd: preprocess
  insize=3843 outsize=784 ok=1
Cmd: preprocess
  insize=4127 outsize=784 ok=1
Cmd: preprocess
  insize=60800 outsize=2145 ok=1
Cmd: preprocess
  insize=12260 outsize=783 ok=1
Cmd: preprocess
  insize=5510 outsize=790 ok=1
Cmd: preprocess
  insize=3738 outsize=783 ok=1
Cmd: preprocess
  insize=3698 outsize=779 ok=1
Cmd: preprocess
  insize=6296 outsize=788 ok=1
Cmd: preprocess
  insize=6586 outsize=782 ok=1
Cmd: preprocess
  insize=8044 outsize=785 ok=1
Cmd: preprocess
  insize=3654 outsize=777 ok=1
Cmd: preprocess
  insize=6205 outsize=812 ok=1
Cmd: preprocess
  insize=6205 outsize=811 ok=1
Cmd: preprocess
  insize=13176 outsize=783 ok=1
Cmd: preprocess
  insize=3803 outsize=782 ok=1
Cmd: preprocess
  insize=6205 outsize=813 ok=1
Cmd: preprocess
  insize=6205 outsize=812 ok=1
Cmd: preprocess
  insize=6205 outsize=811 ok=1
Cmd: preprocess
  insize=6205 outsize=813 ok=1
Cmd: preprocess
  insize=4913 outsize=783 ok=1
Cmd: preprocess
  insize=7266 outsize=785 ok=1
Cmd: preprocess
  insize=8044 outsize=785 ok=1
Cmd: preprocess
  insize=8822 outsize=785 ok=1
Cmd: preprocess
  insize=12260 outsize=783 ok=1
Cmd: preprocess
  insize=13176 outsize=783 ok=1
Cmd: preprocess
  insize=60800 outsize=2145 ok=1
Cmd: preprocess
  insize=12951 outsize=782 ok=1
Cmd: preprocess
  insize=3803 outsize=782 ok=1
Cmd: preprocess
  insize=4281 outsize=778 ok=1
Cmd: preprocess
  insize=5510 outsize=790 ok=1
Cmd: preprocess
  insize=6296 outsize=788 ok=1
Cmd: preprocess
  insize=6586 outsize=782 ok=1
Cmd: preprocess
  insize=6866 outsize=785 ok=1
Cmd: preprocess
  insize=3698 outsize=779 ok=1
Cmd: preprocess
  insize=3738 outsize=783 ok=1
